"../../../../../../Users/Default.DESKTOP-6F3BTUF/Documents/GitHub/MyToyProjectOf2021/Compleate_MyNetworkStudy_SteamServer/Content/FirstPerson/Textures/FirstPersonCrosshair.uasset" 0
"../../../../../../Users/Default.DESKTOP-6F3BTUF/Documents/GitHub/MyToyProjectOf2021/Compleate_MyNetworkStudy_SteamServer/Content/FirstPerson/Character/Mesh/SK_Mannequin_Arms_PhysicsAsset.uasset" 1
"../../../../../../Users/Default.DESKTOP-6F3BTUF/Documents/GitHub/MyToyProjectOf2021/Compleate_MyNetworkStudy_SteamServer/Content/FirstPerson/Character/Textures/UE4_Mannequin_MAT_MASKA.uasset" 2
"../../../../../../Users/Default.DESKTOP-6F3BTUF/Documents/GitHub/MyToyProjectOf2021/Compleate_MyNetworkStudy_SteamServer/Content/FirstPerson/Character/Textures/UE4_Mannequin__normals.uasset" 3
"../../../../../../Users/Default.DESKTOP-6F3BTUF/Documents/GitHub/MyToyProjectOf2021/Compleate_MyNetworkStudy_SteamServer/Content/FirstPerson/Character/Materials/MaterialLayers/T_ML_Aluminum01_N.uasset" 4
"../../../../../../Users/Default.DESKTOP-6F3BTUF/Documents/GitHub/MyToyProjectOf2021/Compleate_MyNetworkStudy_SteamServer/Content/FirstPerson/Character/Materials/MaterialLayers/T_ML_Aluminum01.uasset" 5
"../../../../../../Users/Default.DESKTOP-6F3BTUF/Documents/GitHub/MyToyProjectOf2021/Compleate_MyNetworkStudy_SteamServer/Content/FirstPerson/Character/Materials/MaterialLayers/ML_SoftMetal_UE4.uasset" 6
"../../../../../../Users/Default.DESKTOP-6F3BTUF/Documents/GitHub/MyToyProjectOf2021/Compleate_MyNetworkStudy_SteamServer/Content/FirstPerson/Character/Textures/UE4_LOGO_CARD.uasset" 7
"../../../../../../Users/Default.DESKTOP-6F3BTUF/Documents/GitHub/MyToyProjectOf2021/Compleate_MyNetworkStudy_SteamServer/Content/FirstPerson/Character/Materials/MaterialLayers/ML_Plastic_Shiny_Beige_LOGO.uasset" 8
"../../../../../../Users/Default.DESKTOP-6F3BTUF/Documents/GitHub/MyToyProjectOf2021/Compleate_MyNetworkStudy_SteamServer/Content/FirstPerson/Character/Materials/MaterialLayers/ML_Plastic_Shiny_Beige.uasset" 9
"../../../../../../Users/Default.DESKTOP-6F3BTUF/Documents/GitHub/MyToyProjectOf2021/Compleate_MyNetworkStudy_SteamServer/Content/FirstPerson/Character/Materials/MaterialLayers/T_ML_Rubber_Blue_01_N.uasset" 10
"../../../../../../Users/Default.DESKTOP-6F3BTUF/Documents/GitHub/MyToyProjectOf2021/Compleate_MyNetworkStudy_SteamServer/Content/FirstPerson/Character/Materials/MaterialLayers/T_ML_Rubber_Blue_01_D.uasset" 11
"../../../../../../Users/Default.DESKTOP-6F3BTUF/Documents/GitHub/MyToyProjectOf2021/Compleate_MyNetworkStudy_SteamServer/Content/FirstPerson/Character/Materials/MaterialLayers/ML_GlossyBlack_Latex_UE4.uasset" 12
"../../../Engine/Content/Functions/MaterialLayerFunctions/MatLayerBlend_Simple.uasset" 13
"../../../Engine/Content/Functions/Engine_MaterialFunctions02/Utility/BlendAngleCorrectedNormals.uasset" 14
"../../../Engine/Content/Functions/MaterialLayerFunctions/MatLayerBlend_NormalBlend.uasset" 15
"../../../../../../Users/Default.DESKTOP-6F3BTUF/Documents/GitHub/MyToyProjectOf2021/Compleate_MyNetworkStudy_SteamServer/Content/FirstPerson/Character/Materials/M_UE4Man_Body.uasset" 16
"../../../Engine/Content/EngineMeshes/Humanoid.uasset" 17
"../../../../../../Users/Default.DESKTOP-6F3BTUF/Documents/GitHub/MyToyProjectOf2021/Compleate_MyNetworkStudy_SteamServer/Content/FirstPerson/Character/Mesh/SK_Mannequin_Arms_Skeleton.uasset" 18
"../../../../../../Users/Default.DESKTOP-6F3BTUF/Documents/GitHub/MyToyProjectOf2021/Compleate_MyNetworkStudy_SteamServer/Content/FirstPerson/Character/Mesh/SK_Mannequin_Arms.uasset" 19
"../../../../../../Users/Default.DESKTOP-6F3BTUF/Documents/GitHub/MyToyProjectOf2021/Compleate_MyNetworkStudy_SteamServer/Content/FirstPerson/Audio/FirstPersonTemplateWeaponFire02.uasset" 20
"../../../../../../Users/Default.DESKTOP-6F3BTUF/Documents/GitHub/MyToyProjectOf2021/Compleate_MyNetworkStudy_SteamServer/Content/FirstPerson/Animations/FirstPerson_Run.uasset" 21
"../../../../../../Users/Default.DESKTOP-6F3BTUF/Documents/GitHub/MyToyProjectOf2021/Compleate_MyNetworkStudy_SteamServer/Content/FirstPerson/Animations/FirstPerson_JumpStart.uasset" 22
"../../../../../../Users/Default.DESKTOP-6F3BTUF/Documents/GitHub/MyToyProjectOf2021/Compleate_MyNetworkStudy_SteamServer/Content/FirstPerson/Animations/FirstPerson_JumpLoop.uasset" 23
"../../../../../../Users/Default.DESKTOP-6F3BTUF/Documents/GitHub/MyToyProjectOf2021/Compleate_MyNetworkStudy_SteamServer/Content/FirstPerson/Animations/FirstPerson_JumpEnd.uasset" 24
"../../../../../../Users/Default.DESKTOP-6F3BTUF/Documents/GitHub/MyToyProjectOf2021/Compleate_MyNetworkStudy_SteamServer/Content/FirstPerson/Animations/FirstPerson_Idle.uasset" 25
"../../../Engine/Content/EditorBlueprintResources/StandardMacros.uasset" 26
"../../../../../../Users/Default.DESKTOP-6F3BTUF/Documents/GitHub/MyToyProjectOf2021/Compleate_MyNetworkStudy_SteamServer/Content/FirstPerson/Animations/FirstPerson_AnimBP.uasset" 27
"../../../../../../Users/Default.DESKTOP-6F3BTUF/Documents/GitHub/MyToyProjectOf2021/Compleate_MyNetworkStudy_SteamServer/Content/FirstPerson/Animations/FirstPerson_Fire.uasset" 28
"../../../../../../Users/Default.DESKTOP-6F3BTUF/Documents/GitHub/MyToyProjectOf2021/Compleate_MyNetworkStudy_SteamServer/Content/FirstPerson/Animations/FirstPersonFire_Montage.uasset" 29
"../../../../../../Users/Default.DESKTOP-6F3BTUF/Documents/GitHub/MyToyProjectOf2021/Compleate_MyNetworkStudy_SteamServer/Content/FirstPerson/FPWeapon/Textures/T_FPGun_N.uasset" 30
"../../../../../../Users/Default.DESKTOP-6F3BTUF/Documents/GitHub/MyToyProjectOf2021/Compleate_MyNetworkStudy_SteamServer/Content/FirstPerson/FPWeapon/Textures/T_FPGun_M.uasset" 31
"../../../../../../Users/Default.DESKTOP-6F3BTUF/Documents/GitHub/MyToyProjectOf2021/Compleate_MyNetworkStudy_SteamServer/Content/FirstPerson/FPWeapon/Materials/MaterialLayers/T_ML_Aluminum01_N.uasset" 32
"../../../../../../Users/Default.DESKTOP-6F3BTUF/Documents/GitHub/MyToyProjectOf2021/Compleate_MyNetworkStudy_SteamServer/Content/FirstPerson/FPWeapon/Materials/MaterialLayers/T_ML_Aluminum01.uasset" 33
"../../../../../../Users/Default.DESKTOP-6F3BTUF/Documents/GitHub/MyToyProjectOf2021/Compleate_MyNetworkStudy_SteamServer/Content/FirstPerson/FPWeapon/Materials/MaterialLayers/ML_SoftMetal_UE4.uasset" 34
"../../../../../../Users/Default.DESKTOP-6F3BTUF/Documents/GitHub/MyToyProjectOf2021/Compleate_MyNetworkStudy_SteamServer/Content/FirstPerson/FPWeapon/Materials/MaterialLayers/ML_Screen.uasset" 35
"../../../../../../Users/Default.DESKTOP-6F3BTUF/Documents/GitHub/MyToyProjectOf2021/Compleate_MyNetworkStudy_SteamServer/Content/FirstPerson/FPWeapon/Materials/MaterialLayers/ML_Plastic_Shiny_Beige.uasset" 36
"../../../../../../Users/Default.DESKTOP-6F3BTUF/Documents/GitHub/MyToyProjectOf2021/Compleate_MyNetworkStudy_SteamServer/Content/FirstPerson/FPWeapon/Materials/MaterialLayers/T_ML_Rubber_Blue_01_N.uasset" 37
"../../../../../../Users/Default.DESKTOP-6F3BTUF/Documents/GitHub/MyToyProjectOf2021/Compleate_MyNetworkStudy_SteamServer/Content/FirstPerson/FPWeapon/Materials/MaterialLayers/T_ML_Rubber_Blue_01_D.uasset" 38
"../../../../../../Users/Default.DESKTOP-6F3BTUF/Documents/GitHub/MyToyProjectOf2021/Compleate_MyNetworkStudy_SteamServer/Content/FirstPerson/FPWeapon/Materials/MaterialLayers/ML_GlossyBlack_Latex_UE4.uasset" 39
"../../../../../../Users/Default.DESKTOP-6F3BTUF/Documents/GitHub/MyToyProjectOf2021/Compleate_MyNetworkStudy_SteamServer/Content/FirstPerson/FPWeapon/Materials/M_FPGun.uasset" 40
"../../../../../../Users/Default.DESKTOP-6F3BTUF/Documents/GitHub/MyToyProjectOf2021/Compleate_MyNetworkStudy_SteamServer/Content/FirstPerson/FPWeapon/Mesh/SK_FPGun_Skeleton.uasset" 41
"../../../../../../Users/Default.DESKTOP-6F3BTUF/Documents/GitHub/MyToyProjectOf2021/Compleate_MyNetworkStudy_SteamServer/Content/FirstPerson/FPWeapon/Mesh/SK_FPGun.uasset" 42
"../../../../../../Users/Default.DESKTOP-6F3BTUF/Documents/GitHub/MyToyProjectOf2021/Compleate_MyNetworkStudy_SteamServer/Content/FirstPerson/Meshes/BaseMaterial.uasset" 43
"../../../../../../Users/Default.DESKTOP-6F3BTUF/Documents/GitHub/MyToyProjectOf2021/Compleate_MyNetworkStudy_SteamServer/Content/FirstPerson/Meshes/FirstPersonProjectileMaterial.uasset" 44
"../../../../../../Users/Default.DESKTOP-6F3BTUF/Documents/GitHub/MyToyProjectOf2021/Compleate_MyNetworkStudy_SteamServer/Content/FirstPerson/Meshes/FirstPersonProjectileMesh.uasset" 45
"../../../../../../Users/Default.DESKTOP-6F3BTUF/Documents/GitHub/MyToyProjectOf2021/Compleate_MyNetworkStudy_SteamServer/Content/FirstPersonCPP/Blueprints/FirstPersonProjectile.uasset" 46
"../../../../../../Users/Default.DESKTOP-6F3BTUF/Documents/GitHub/MyToyProjectOf2021/Compleate_MyNetworkStudy_SteamServer/Content/IDebugClass.uasset" 47
"../../../../../../Users/Default.DESKTOP-6F3BTUF/Documents/GitHub/MyToyProjectOf2021/Compleate_MyNetworkStudy_SteamServer/Content/TY_MainMenu/DebugUI.uasset" 48
"../../../../../../Users/Default.DESKTOP-6F3BTUF/Documents/GitHub/MyToyProjectOf2021/Compleate_MyNetworkStudy_SteamServer/Content/PlatformerGameInstance.uasset" 49
"../../../../../../Users/Default.DESKTOP-6F3BTUF/Documents/GitHub/MyToyProjectOf2021/Compleate_MyNetworkStudy_SteamServer/Content/Fonts/Cafe24Ohsquareair.uasset" 50
"../../../../../../Users/Default.DESKTOP-6F3BTUF/Documents/GitHub/MyToyProjectOf2021/Compleate_MyNetworkStudy_SteamServer/Content/Fonts/DungGeunMo.uasset" 51
"../../../../../../Users/Default.DESKTOP-6F3BTUF/Documents/GitHub/MyToyProjectOf2021/Compleate_MyNetworkStudy_SteamServer/Content/Fonts/HangulFont.uasset" 52
"../../../../../../Users/Default.DESKTOP-6F3BTUF/Documents/GitHub/MyToyProjectOf2021/Compleate_MyNetworkStudy_SteamServer/Content/TY_MainMenu/W_ServerSlot.uasset" 53
"../../../../../../Users/Default.DESKTOP-6F3BTUF/Documents/GitHub/MyToyProjectOf2021/Compleate_MyNetworkStudy_SteamServer/Content/TY_MainMenu/W_ServerBrowser.uasset" 54
"../../../../../../Users/Default.DESKTOP-6F3BTUF/Documents/GitHub/MyToyProjectOf2021/Compleate_MyNetworkStudy_SteamServer/Content/TY_MainMenu/W_MainMenu.uasset" 55
"../../../../../../Users/Default.DESKTOP-6F3BTUF/Documents/GitHub/MyToyProjectOf2021/Compleate_MyNetworkStudy_SteamServer/Content/TY_MainMenu/W_NickName.uasset" 56
"../../../../../../Users/Default.DESKTOP-6F3BTUF/Documents/GitHub/MyToyProjectOf2021/Compleate_MyNetworkStudy_SteamServer/Content/FirstPersonCPP/Blueprints/FirstPersonCharacter.uasset" 57
"../../../Engine/Content/Animation/DefaultAnimBoneCompressionSettings.uasset" 58
"../../../Engine/Content/Animation/DefaultAnimCurveCompressionSettings.uasset" 59
"../../../Engine/Content/Functions/Engine_MaterialFunctions01/Opacity/CameraDepthFade.uasset" 60
"../../../Engine/Content/EngineMaterials/T_Default_Material_Grid_N.uasset" 61
"../../../Engine/Content/EngineMaterials/T_Default_Material_Grid_M.uasset" 62
"../../../Engine/Content/EngineMaterials/WorldGridMaterial.uasset" 63
"../../../Engine/Content/ArtTools/RenderToTexture/Meshes/S_1_Unit_Plane.uasset" 64
"../../../Engine/Content/EngineMaterials/DefaultMaterial.uasset" 65
"../../../Engine/Content/BasicShapes/Cone.uasset" 66
"../../../Engine/Content/BasicShapes/Cube.uasset" 67
"../../../Engine/Content/BasicShapes/Plane.uasset" 68
"../../../Engine/Content/BasicShapes/Sphere.uasset" 69
"../../../Engine/Content/EditorLandscapeResources/DataLayer.uasset" 70
"../../../Engine/Content/EditorLandscapeResources/DefaultAlphaTexture.uasset" 71
"../../../Engine/Content/EditorMaterials/MAT_Groups_Toggle.uasset" 72
"../../../Engine/Content/EditorMaterials/MAT_Groups_Visibility.uasset" 73
"../../../Engine/Content/EditorMaterials/PreviewShadowIndicator.uasset" 74
"../../../Engine/Content/EditorMaterials/PreviewShadowIndicatorMaterial.uasset" 75
"../../../Engine/Content/EditorMaterials/MatineeGroups/MAT_ColorTrack.uasset" 76
"../../../Engine/Content/EditorMaterials/MatineeGroups/MAT_Groups_Anim.uasset" 77
"../../../Engine/Content/EditorMaterials/MatineeGroups/MAT_Groups_AudioMaster.uasset" 78
"../../../Engine/Content/EditorMaterials/MatineeGroups/MAT_Groups_Director.uasset" 79
"../../../Engine/Content/EditorMaterials/MatineeGroups/MAT_Groups_Event.uasset" 80
"../../../Engine/Content/EditorMaterials/MatineeGroups/MAT_Groups_Fade.uasset" 81
"../../../Engine/Content/EditorMaterials/MatineeGroups/MAT_Groups_Float.uasset" 82
"../../../Engine/Content/EditorMaterials/MatineeGroups/MAT_Groups_Move.uasset" 83
"../../../Engine/Content/EditorMaterials/MatineeGroups/MAT_Groups_Slomo.uasset" 84
"../../../Engine/Content/EditorMaterials/MatineeGroups/MAT_Groups_Sound.uasset" 85
"../../../Engine/Content/EditorMaterials/MatineeGroups/MAT_Groups_Vector.uasset" 86
"../../../Engine/Content/EditorMaterials/ParticleSystems/PSysThumbnail_NoImage.uasset" 87
"../../../Engine/Content/EditorMaterials/ParticleSystems/PSysThumbnail_OOD.uasset" 88
"../../../Engine/Content/EditorMaterials/Camera/CineMat.uasset" 89
"../../../Engine/Content/EditorMaterials/Camera/MI_CineMat_Rig.uasset" 90
"../../../Engine/Content/EditorMeshes/Camera/SM_CraneRig_Arm.uasset" 91
"../../../Engine/Content/EditorMeshes/Camera/SM_CraneRig_Base.uasset" 92
"../../../Engine/Content/EditorMeshes/Camera/SM_CraneRig_Body.uasset" 93
"../../../Engine/Content/EditorMeshes/Camera/SM_CraneRig_Mount.uasset" 94
"../../../Engine/Content/EditorMeshes/Camera/SM_RailRig_Mount.uasset" 95
"../../../Engine/Content/EditorMeshes/Camera/SM_RailRig_Track.uasset" 96
"../../../Engine/Content/EditorResources/BSPVertex.uasset" 97
"../../../Engine/Content/EditorResources/EmptyActor.uasset" 98
"../../../Engine/Content/EditorResources/S_Actor.uasset" 99
"../../../Engine/Content/EditorResources/S_Note.uasset" 100
"../../../Engine/Content/EditorResources/S_Solver.uasset" 101
"../../../Engine/Content/EditorResources/S_Terrain.uasset" 102
"../../../Engine/Content/EditorResources/S_Trigger.uasset" 103
"../../../Engine/Content/EditorResources/LightIcons/S_LightError.uasset" 104
"../../../Engine/Content/EditorResources/SequenceRecorder/Countdown.uasset" 105
"../../../Engine/Content/EditorResources/SequenceRecorder/RecordingIndicator.uasset" 106
"../../../Engine/Content/EngineDamageTypes/DmgTypeBP_Environmental.uasset" 107
"../../../Engine/Content/EngineDebugMaterials/DebugEditorMaterial.uasset" 108
"../../../Engine/Content/EngineDebugMaterials/DebugMeshMaterial.uasset" 109
"../../../Engine/Content/EngineDebugMaterials/M_SimpleUnlitTranslucent.uasset" 110
"../../../Engine/Content/EngineDebugMaterials/VolumeToRender.uasset" 111
"../../../Engine/Content/Functions/Engine_MaterialFunctions02/Utility/CameraDirectionVector.uasset" 112
"../../../Engine/Content/EngineDebugMaterials/M_VolumeRenderSphereTracePP.uasset" 113
"../../../Engine/Content/Functions/Engine_MaterialFunctions01/Shading/ConvertFromDiffSpec.uasset" 114
"../../../Engine/Content/EngineDebugMaterials/VertexColorMaterial.uasset" 115
"../../../Engine/Content/EngineDebugMaterials/WireframeMaterial.uasset" 116
"../../../Engine/Content/EngineFonts/Faces/RobotoRegular.uasset" 117
"../../../Engine/Content/EngineFonts/Faces/RobotoLight.uasset" 118
"../../../Engine/Content/EngineFonts/Faces/RobotoItalic.uasset" 119
"../../../Engine/Content/EngineFonts/Faces/RobotoBoldItalic.uasset" 120
"../../../Engine/Content/EngineFonts/Faces/RobotoBold.uasset" 121
"../../../Engine/Content/EngineFonts/Faces/DroidSansFallback.uasset" 122
"../../../Engine/Content/EngineFonts/Roboto.uasset" 123
"../../../Engine/Content/EngineMaterials/BaseFlattenNormalMap.uasset" 124
"../../../Engine/Content/EngineMaterials/BaseFlattenGrayscaleMap.uasset" 125
"../../../Engine/Content/EngineMaterials/BaseFlattenEmissiveMap.uasset" 126
"../../../Engine/Content/EngineMaterials/BaseFlattenDiffuseMap.uasset" 127
"../../../Engine/Content/EngineMaterials/BaseFlattenMaterial.uasset" 128
"../../../Engine/Content/EngineMaterials/BlueNoise.uasset" 129
"../../../Engine/Content/EngineMaterials/DefaultBloomKernel.uasset" 130
"../../../Engine/Content/EngineMaterials/DefaultBokeh.uasset" 131
"../../../Engine/Content/EngineMaterials/DefaultDiffuse.uasset" 132
"../../../Engine/Content/EngineMaterials/DefaultDeferredDecalMaterial.uasset" 133
"../../../Engine/Content/EngineMaterials/DefaultLightFunctionMaterial.uasset" 134
"../../../Engine/Content/EngineMaterials/DefaultPhysicalMaterial.uasset" 135
"../../../Engine/Content/Functions/Engine_MaterialFunctions02/Utility/BreakOutFloat2Components.uasset" 136
"../../../Engine/Content/EngineMaterials/DefaultPostProcessMaterial.uasset" 137
"../../../Engine/Content/EngineFonts/RobotoDistanceField.uasset" 138
"../../../Engine/Content/EngineMaterials/DefaultTextMaterialOpaque.uasset" 139
"../../../Engine/Content/EngineMaterials/DefaultWhiteGrid.uasset" 140
"../../../Engine/Content/EngineMaterials/DefaultWhiteGrid_Low.uasset" 141
"../../../Engine/Content/EngineMaterials/EmissiveMeshMaterial.uasset" 142
"../../../Engine/Content/EngineMaterials/GizmoMaterial.uasset" 143
"../../../Engine/Content/EngineMaterials/Good64x64TilingNoiseHighFreq.uasset" 144
"../../../Engine/Content/EngineMaterials/MiniFont.uasset" 145
"../../../Engine/Content/EngineMaterials/InvalidLightmapSettings.uasset" 146
"../../../Engine/Content/EngineMaterials/M_InvalidLightmapSettings.uasset" 147
"../../../Engine/Content/Functions/Engine_MaterialFunctions02/WorldPositionOffset/CameraOffset.uasset" 148
"../../../Engine/Content/EngineMaterials/PhAT_JointLimitMaterial.uasset" 149
"../../../Engine/Content/EngineMaterials/PreintegratedSkinBRDF.uasset" 150
"../../../Engine/Content/EngineMaterials/RemoveSurfaceMaterial.uasset" 151
"../../../Engine/Content/EngineMaterials/WeightMapPlaceholderTexture.uasset" 152
"../../../Engine/Content/EngineResources/WhiteSquareTexture.uasset" 153
"../../../Engine/Content/EngineMaterials/Widget3DPassThrough.uasset" 154
"../../../Engine/Content/EngineMaterials/Widget3DPassThrough_Masked.uasset" 155
"../../../Engine/Content/EngineMaterials/Widget3DPassThrough_Opaque.uasset" 156
"../../../Engine/Content/EngineMaterials/Widget3DPassThrough_Masked_OneSided.uasset" 157
"../../../Engine/Content/EngineMaterials/Widget3DPassThrough_Opaque_OneSided.uasset" 158
"../../../Engine/Content/EngineMaterials/Widget3DPassThrough_Translucent.uasset" 159
"../../../Engine/Content/EngineMaterials/Widget3DPassThrough_Translucent_OneSided.uasset" 160
"../../../Engine/Content/EngineMeshes/Cylinder.uasset" 161
"../../../Engine/Content/EngineMeshes/Sphere.uasset" 162
"../../../Engine/Content/EngineResources/Black.uasset" 163
"../../../Engine/Content/EngineResources/DefaultTextureCube.uasset" 164
"../../../Engine/Content/EngineResources/DefaultVolumeTexture2D.uasset" 165
"../../../Engine/Content/EngineResources/DefaultVolumeTexture.uasset" 166
"../../../Engine/Content/EngineResources/GradientTexture0.uasset" 167
"../../../Engine/Content/EngineSky/VolumetricClouds/T_NoiseShape64.uasset" 168
"../../../Engine/Content/EngineSky/VolumetricClouds/T_VolumeNoiseShape64.uasset" 169
"../../../Engine/Content/EngineSky/VolumetricClouds/T_NoiseErosion.uasset" 170
"../../../Engine/Content/EngineSky/VolumetricClouds/T_VolumeNoiseErosion32.uasset" 171
"../../../Engine/Content/EngineSky/VolumetricClouds/CloudWeatherTexture.uasset" 172
"../../../Engine/Content/EngineSky/VolumetricClouds/CloudGradientTexture.uasset" 173
"../../../Engine/Content/Functions/Engine_MaterialFunctions02/Utility/MakeFloat2.uasset" 174
"../../../Engine/Content/EngineSky/VolumetricClouds/m_SimpleVolumetricCloud.uasset" 175
"../../../Engine/Content/EngineSky/VolumetricClouds/m_SimpleVolumetricCloud_Inst.uasset" 176
"../../../Engine/Content/EngineSounds/Master.uasset" 177
"../../../Engine/Content/Functions/Engine_MaterialFunctions01/Shading/PowerToRoughness.uasset" 178
"../../../Engine/Content/Maps/Templates/Thumbnails/Default.uasset" 179
"../../../Engine/Content/Maps/Templates/Thumbnails/TimeOfDay.uasset" 180
"../../../Engine/Content/Maps/Templates/Thumbnails/VR-Basic.uasset" 181
"../../../Engine/Content/MobileResources/T_MobileControls_texture.uasset" 182
"../../../Engine/Content/MobileResources/T_MobileMenu2.uasset" 183
"../../../Engine/Content/MobileResources/HUD/AnalogHat.uasset" 184
"../../../Engine/Content/MobileResources/HUD/VirtualJoystick_Thumb.uasset" 185
"../../../Engine/Content/MobileResources/HUD/VirtualJoystick_Background.uasset" 186
"../../../Engine/Content/MobileResources/HUD/DefaultVirtualJoysticks.uasset" 187
"../../../Engine/Content/MobileResources/HUD/LeftVirtualJoystickOnly.uasset" 188
"../../../Engine/Content/MobileResources/HUD/MobileHUDButton1_off.uasset" 189
"../../../Engine/Content/MobileResources/HUD/MobileHUDButton1_on.uasset" 190
"../../../Engine/Content/MobileResources/HUD/MobileHUDButton2_off.uasset" 191
"../../../Engine/Content/MobileResources/HUD/MobileHUDButton2_on.uasset" 192
"../../../Engine/Content/MobileResources/HUD/MobileHUDButton3.uasset" 193
"../../../Engine/Content/MobileResources/HUD/MobileHUDButtonFire.uasset" 194
"../../../Engine/Content/MobileResources/HUD/MobileHUDDirectionPad.uasset" 195
"../../../Engine/Content/MobileResources/HUD/MobileHUDDirectionPad2.uasset" 196
"../../../Engine/Content/MobileResources/HUD/MobileHUDDirectionPad3.uasset" 197
"../../../Engine/Content/MobileResources/HUD/MobileHUDDirectionStick.uasset" 198
"../../../Engine/Content/MobileResources/HUD/T_Castle_ThumbstickInner.uasset" 199
"../../../Engine/Content/MobileResources/HUD/T_Castle_ThumbstickOutter.uasset" 200
"../../../Engine/Content/Tutorial/ContentIntroCurve.uasset" 201
"../../../Engine/Content/Tutorial/Basics/LevelEditorAttract.uasset" 202
"../../../Engine/Content/Tutorial/Mobile/SettingUpLuminTutorial.uasset" 203
"../../../Engine/Content/VREditor/TransformGizmo/TranslucentTransformGizmoMaterial.uasset" 204
"../../../Engine/Content/VREditor/LaserPointer/VR_LaserPower_01.uasset" 205
"../../../Engine/Content/VREditor/TransformGizmo/TransformGizmoMaterial.uasset" 206
"../../../Engine/Content/VREditor/TransformGizmo/BoundingBoxCorner.uasset" 207
"../../../Engine/Content/VREditor/TransformGizmo/BoundingBoxEdge.uasset" 208
"../../../Engine/Content/VREditor/TransformGizmo/PlaneTranslationHandle.uasset" 209
"../../../Engine/Content/VREditor/TransformGizmo/Xray.uasset" 210
"../../../Engine/Content/VREditor/TransformGizmo/Main.uasset" 211
"../../../Engine/Content/VREditor/TransformGizmo/SM_Sequencer_Key.uasset" 212
"../../../Engine/Content/VREditor/TransformGizmo/SM_Sequencer_Node.uasset" 213
"../../Plugins/2D/Paper2D/Content/PlaceholderTextures/DummySpriteTexture.uasset" 214
"../../Plugins/2D/Paper2D/Content/DummySprite.uasset" 215
"../../Plugins/2D/Paper2D/Content/DefaultPaperTerrainMaterial.uasset" 216
"../../Plugins/2D/Paper2D/Content/DefaultSpriteMaterial.uasset" 217
"../../Plugins/2D/Paper2D/Content/MaskedUnlitSpriteMaterial.uasset" 218
"../../Plugins/2D/Paper2D/Content/OpaqueUnlitSpriteMaterial.uasset" 219
"../../../Engine/Content/BasicShapes/Cylinder.uasset" 220
"../../../Engine/Content/ArtTools/RenderToTexture/Materials/Debug/M_Emissive_Color.uasset" 221
"../../Plugins/Lumin/MagicLeapPassableWorld/Content/MagicLeapARPinInfoActor.uasset" 222
"../../../Engine/Content/Functions/Engine_MaterialFunctions02/Utility/BreakOutFloat3Components.uasset" 223
"../../Plugins/Editor/SpeedTreeImporter/Content/SpeedTree9/UnpackInteger3.uasset" 224
"../../Plugins/Editor/SpeedTreeImporter/Content/SpeedTree9/UnpackDirection.uasset" 225
"../../Plugins/Editor/SpeedTreeImporter/Content/SpeedTree9/game_wind_noise.uasset" 226
"../../../Engine/Content/Functions/Engine_MaterialFunctions02/SafeNormalize.uasset" 227
"../../Plugins/Editor/SpeedTreeImporter/Content/SpeedTree9/SpeedTreeWindMotion.uasset" 228
"../../Plugins/Editor/SpeedTreeImporter/Content/SpeedTree9/SpeedTreeBranchMotion.uasset" 229
"../../../Engine/Content/Functions/Engine_MaterialFunctions02/ObjectLocalBounds.uasset" 230
"../../../Engine/Content/Functions/Engine_MaterialFunctions02/UVs/BoundingBoxBased_0-1_UVW.uasset" 231
"../../Plugins/Editor/SpeedTreeImporter/Content/SpeedTree9/SpeedTreeWind.uasset" 232
"../../Plugins/Editor/SpeedTreeImporter/Content/SpeedTree9/SpeedTreeBillboard.uasset" 233
"../../../Engine/Content/EngineResources/DefaultTexture.uasset" 234
"../../Plugins/Editor/SpeedTreeImporter/Content/SpeedTree9/SpeedTreeBillboardMaster.uasset" 235
"../../Plugins/Editor/SpeedTreeImporter/Content/SpeedTree9/SpeedTreeCameraFacing.uasset" 236
"../../Plugins/Editor/SpeedTreeImporter/Content/SpeedTree9/SpeedTreeMaster.uasset" 237
"../../../Engine/Content/Functions/Engine_MaterialFunctions02/Utility/BreakOutFloat4Components.uasset" 238
"../../../Engine/Content/Functions/Engine_MaterialFunctions02/Utility/MakeFloat3.uasset" 239
"../../Plugins/Runtime/Oculus/OculusVR/Content/Materials/OculusMR_ChromaKey.uasset" 240
"../../Plugins/Runtime/Oculus/OculusVR/Content/Materials/OculusMR_OpaqueColoredMaterial.uasset" 241
"../../Plugins/Runtime/Oculus/OculusVR/Content/Materials/PokeAHoleMaterial.uasset" 242
"../../../../../../Users/Default.DESKTOP-6F3BTUF/Documents/GitHub/MyToyProjectOf2021/Compleate_MyNetworkStudy_SteamServer/Content/Geometry/Meshes/CubeMaterial.uasset" 243
"../../../../../../Users/Default.DESKTOP-6F3BTUF/Documents/GitHub/MyToyProjectOf2021/Compleate_MyNetworkStudy_SteamServer/Content/Geometry/Meshes/1M_Cube.uasset" 244
"../../../Engine/Content/EngineSky/T_Sky_Stars.uasset" 245
"../../../Engine/Content/EngineSky/T_Sky_Clouds_M.uasset" 246
"../../../Engine/Content/EngineSky/T_Sky_Blue.uasset" 247
"../../../../../../Users/Default.DESKTOP-6F3BTUF/Documents/GitHub/MyToyProjectOf2021/Compleate_MyNetworkStudy_SteamServer/Content/FirstPerson/Meshes/CubeMaterialOverride.uasset" 248
"../../../Engine/Content/EngineSky/M_Sky_Panning_Clouds2.uasset" 249
"../../../Engine/Content/Functions/Engine_MaterialFunctions03/Procedurals/ComputeFilterWidth.uasset" 250
"../../../Engine/Content/EngineMaterials/AntiAliasedTextMaterialTranslucent.uasset" 251
"../../../../../../Users/Default.DESKTOP-6F3BTUF/Documents/GitHub/MyToyProjectOf2021/Compleate_MyNetworkStudy_SteamServer/Content/TY_AudioTest/VOIPAttenuation.uasset" 252
"../../../../../../Users/Default.DESKTOP-6F3BTUF/Documents/GitHub/MyToyProjectOf2021/Compleate_MyNetworkStudy_SteamServer/Content/TY_AudioTest/BP_TY_Test_FirstPersonCharacter.uasset" 253
"../../../../../../Users/Default.DESKTOP-6F3BTUF/Documents/GitHub/MyToyProjectOf2021/Compleate_MyNetworkStudy_SteamServer/Content/TY_AudioTest/BP_TY_AudioTest_PlayerController.uasset" 254
"../../../../../../Users/Default.DESKTOP-6F3BTUF/Documents/GitHub/MyToyProjectOf2021/Compleate_MyNetworkStudy_SteamServer/Content/TY_AudioTest/BP_TY_AudioTest_HUD.uasset" 255
"../../../../../../Users/Default.DESKTOP-6F3BTUF/Documents/GitHub/MyToyProjectOf2021/Compleate_MyNetworkStudy_SteamServer/Content/TY_AudioTest/BP_TY_AudioTest_GameModeBase.uasset" 256
"../../../Engine/Content/EngineSky/SM_SkySphere.uasset" 257
"../../../Engine/Content/EngineSky/C_Sky_Zenith_Color.uasset" 258
"../../../Engine/Content/EngineSky/C_Sky_Horizon_Color.uasset" 259
"../../../Engine/Content/EngineSky/C_Sky_Cloud_Color.uasset" 260
"../../../Engine/Content/EngineSky/BP_Sky_Sphere.uasset" 261
"../../../../../../Users/Default.DESKTOP-6F3BTUF/Documents/GitHub/MyToyProjectOf2021/Compleate_MyNetworkStudy_SteamServer/Content/Maps/MainLevel.umap" 262
"../../../../../../Users/Default.DESKTOP-6F3BTUF/Documents/GitHub/MyToyProjectOf2021/Compleate_MyNetworkStudy_SteamServer/Content/Maps/MainMenu.umap" 263
"../../../Engine/Content/Maps/Entry_BuiltData.uasset" 264
"../../../Engine/Content/Maps/Entry.umap" 265
