  Using 'git status' to determine working set for adaptive non-unity build (C:\Users\Default.DESKTOP-6F3BTUF\Documents\GitHub\MyToyProjectOf2021).
  Building TY_FunctionEditor...
  Using Visual Studio 2019 14.29.30133 toolchain (C:\Program Files (x86)\Microsoft Visual Studio\2019\Community\VC\Tools\MSVC\14.29.30133) and Windows 10.0.19041.0 SDK (C:\Program Files (x86)\Windows Kits\10).
  Distributing 3 actions to XGE
  --------------------Build System Warning---------------------------------------
  License is invalid:
      License information is invalid. Please try reloading your license file using the Coordinator Monitor application on the Coordinator machine, or reinstall IncrediBuild.
      This build will run in standalone mode.
  
  -------------------------------------------------------------------------------
  --------------------Project: Default-------------------------------------------
  UE4Editor-TY_Function-0036.lib (0:00.09 at +0:00)
     C:\Users\Default.DESKTOP-6F3BTUF\Documents\GitHub\MyToyProjectOf2021\TY_Function\Intermediate\Build\Win64\UE4Editor\Development\TY_Function\UE4Editor-TY_Function-0036.lib 라이브러리 및 C:\Users\Default.DESKTOP-6F3BTUF\Documents\GitHub\MyToyProjectOf2021\TY_Function\Intermediate\Build\Win64\UE4Editor\Development\TY_Function\UE4Editor-TY_Function-0036.exp 개체를 생성하고 있습니다.
  UE4Editor-TY_Function-0036.dll (0:00.43 at +0:00)
     C:\Users\Default.DESKTOP-6F3BTUF\Documents\GitHub\MyToyProjectOf2021\TY_Function\Intermediate\Build\Win64\UE4Editor\Development\TY_Function\UE4Editor-TY_Function-0036.suppressed.lib 라이브러리 및 C:\Users\Default.DESKTOP-6F3BTUF\Documents\GitHub\MyToyProjectOf2021\TY_Function\Intermediate\Build\Win64\UE4Editor\Development\TY_Function\UE4Editor-TY_Function-0036.suppressed.exp 개체를 생성하고 있습니다.
  TY_FunctionEditor.target (0:00.17 at +0:00)
  ---------------------- Done ----------------------
  
      Rebuild All: 1 succeeded, 0 failed, 0 skipped
  
  1 build system warning(s):
     - License is invalid
  
  Total time in XGE executor: 0.88 seconds
  Total execution time: 1.27 seconds
